{"/Users/valdas/mano/nodejs/Learn/oficiallearning/Labs-2020-10-06/ch-16/labs-1/uppercase.js": {"path":"/Users/valdas/mano/nodejs/Learn/oficiallearning/Labs-2020-10-06/ch-16/labs-1/uppercase.js","statementMap":{"0":{"start":{"line":3,"column":2},"end":{"line":3,"column":68}},"1":{"start":{"line":3,"column":31},"end":{"line":3,"column":68}},"2":{"start":{"line":4,"column":2},"end":{"line":4,"column":26}},"3":{"start":{"line":7,"column":0},"end":{"line":7,"column":26}}},"fnMap":{"0":{"name":"uppercase","decl":{"start":{"line":2,"column":9},"end":{"line":2,"column":18}},"loc":{"start":{"line":2,"column":25},"end":{"line":5,"column":1}},"line":2}},"branchMap":{"0":{"loc":{"start":{"line":3,"column":2},"end":{"line":3,"column":68}},"type":"if","locations":[{"start":{"line":3,"column":2},"end":{"line":3,"column":68}},{"start":{"line":3,"column":2},"end":{"line":3,"column":68}}],"line":3}},"s":{"0":4,"1":3,"2":1,"3":1},"f":{"0":4},"b":{"0":[3,1]},"_coverageSchema":"1a1c01bbd47fc00a2c39e90264f33305004495a9","hash":"047a44d8e024f6de9246b87a080038a471dce729"}
}
