{"/Users/valdas/mano/nodejs/Learn/oficiallearning/Labs-2020-10-06/ch-16/labs-2/store.js": {"path":"/Users/valdas/mano/nodejs/Learn/oficiallearning/Labs-2020-10-06/ch-16/labs-2/store.js","statementMap":{"0":{"start":{"line":2,"column":4},"end":{"line":4,"column":5}},"1":{"start":{"line":3,"column":6},"end":{"line":3,"column":55}}},"fnMap":{"0":{"name":"(anonymous_0)","decl":{"start":{"line":2,"column":21},"end":{"line":2,"column":22}},"loc":{"start":{"line":2,"column":36},"end":{"line":4,"column":5}},"line":2}},"branchMap":{},"s":{"0":1,"1":2},"f":{"0":2},"b":{},"_coverageSchema":"1a1c01bbd47fc00a2c39e90264f33305004495a9","hash":"4f1af43dadc5b6248a4cbb412c29cdcf980a5171"}
}
